e:\vsprojects\pthreads\x64\debug\vc142.pdb
e:\vsprojects\pthreads\x64\debug\vc142.idb
e:\vsprojects\pthreads\x64\debug\nonportable.obj
e:\vsprojects\pthreads\x64\debug\tsd.obj
e:\vsprojects\pthreads\x64\debug\sync.obj
e:\vsprojects\pthreads\x64\debug\spin.obj
e:\vsprojects\pthreads\x64\debug\semaphore.obj
e:\vsprojects\pthreads\x64\debug\sched.obj
e:\vsprojects\pthreads\x64\debug\rwlock.obj
e:\vsprojects\pthreads\x64\debug\private.obj
e:\vsprojects\pthreads\x64\debug\mutex.obj
e:\vsprojects\pthreads\x64\debug\misc.obj
e:\vsprojects\pthreads\x64\debug\global.obj
e:\vsprojects\pthreads\x64\debug\fork.obj
e:\vsprojects\pthreads\x64\debug\exit.obj
e:\vsprojects\pthreads\x64\debug\dll.obj
e:\vsprojects\pthreads\x64\debug\create.obj
e:\vsprojects\pthreads\x64\debug\condvar.obj
e:\vsprojects\pthreads\x64\debug\cleanup.obj
e:\vsprojects\pthreads\x64\debug\cancel.obj
e:\vsprojects\pthreads\x64\debug\barrier.obj
e:\vsprojects\pthreads\x64\debug\attr.obj
e:\vsprojects\pthreads\x64\debug\autostatic.obj
e:\vsprojects\pthreads\x64\debug\signal.obj
e:\vsprojects\pthreads\x64\debug\errno.obj
e:\vsprojects\pthreads\x64\debug\lib\libpthread.ilk
e:\vsprojects\pthreads\x64\debug\lib\libpthread.dll
e:\vsprojects\pthreads\x64\debug\lib\libpthread.pdb
e:\vsprojects\pthreads\x64\debug\lib\libpthread.lib
e:\vsprojects\pthreads\x64\debug\lib\libpthread.exp
e:\vsprojects\pthreads\copkg\..\x64\debug\lib\libpthread.pdb
e:\vsprojects\pthreads\copkg\..\x64\debug\lib\libpthread.ilk
e:\vsprojects\pthreads\x64\debug\pthreads.tlog\cl.command.1.tlog
e:\vsprojects\pthreads\x64\debug\pthreads.tlog\cl.read.1.tlog
e:\vsprojects\pthreads\x64\debug\pthreads.tlog\cl.write.1.tlog
e:\vsprojects\pthreads\x64\debug\pthreads.tlog\link.command.1.tlog
e:\vsprojects\pthreads\x64\debug\pthreads.tlog\link.read.1.tlog
e:\vsprojects\pthreads\x64\debug\pthreads.tlog\link.write.1.tlog
e:\vsprojects\pthreads\x64\debug\pthreads.tlog\pthreads.write.1u.tlog
